Determining if the pthread_create exist failed with the following output:
Change Dir: /home/natalia/Documentos/Mestrado/trabalho_extracao/TP_Extração_2019/codigos/3_elimina/CMakeFiles/CMakeTmp

Run Build Command(s):/usr/bin/gmake cmTC_af63b/fast 
/usr/bin/gmake -f CMakeFiles/cmTC_af63b.dir/build.make CMakeFiles/cmTC_af63b.dir/build
gmake[1]: Entering directory '/home/natalia/Documentos/Mestrado/trabalho_extracao/TP_Extração_2019/codigos/3_elimina/CMakeFiles/CMakeTmp'
Building C object CMakeFiles/cmTC_af63b.dir/CheckSymbolExists.c.o
/usr/bin/cc    -o CMakeFiles/cmTC_af63b.dir/CheckSymbolExists.c.o   -c /home/natalia/Documentos/Mestrado/trabalho_extracao/TP_Extração_2019/codigos/3_elimina/CMakeFiles/CMakeTmp/CheckSymbolExists.c
Linking C executable cmTC_af63b
/usr/bin/cmake -E cmake_link_script CMakeFiles/cmTC_af63b.dir/link.txt --verbose=1
/usr/bin/cc      -rdynamic CMakeFiles/cmTC_af63b.dir/CheckSymbolExists.c.o  -o cmTC_af63b 
/usr/bin/ld: CMakeFiles/cmTC_af63b.dir/CheckSymbolExists.c.o: na função "main":
CheckSymbolExists.c:(.text+0x16): referência não definida para "pthread_create"
collect2: error: ld returned 1 exit status
gmake[1]: *** [CMakeFiles/cmTC_af63b.dir/build.make:87: cmTC_af63b] Error 1
gmake[1]: Leaving directory '/home/natalia/Documentos/Mestrado/trabalho_extracao/TP_Extração_2019/codigos/3_elimina/CMakeFiles/CMakeTmp'
gmake: *** [Makefile:121: cmTC_af63b/fast] Error 2

File /home/natalia/Documentos/Mestrado/trabalho_extracao/TP_Extração_2019/codigos/3_elimina/CMakeFiles/CMakeTmp/CheckSymbolExists.c:
/* */
#include <pthread.h>

int main(int argc, char** argv)
{
  (void)argv;
#ifndef pthread_create
  return ((int*)(&pthread_create))[argc];
#else
  (void)argc;
  return 0;
#endif
}

Determining if the function pthread_create exists in the pthreads failed with the following output:
Change Dir: /home/natalia/Documentos/Mestrado/trabalho_extracao/TP_Extração_2019/codigos/3_elimina/CMakeFiles/CMakeTmp

Run Build Command(s):/usr/bin/gmake cmTC_aa383/fast 
/usr/bin/gmake -f CMakeFiles/cmTC_aa383.dir/build.make CMakeFiles/cmTC_aa383.dir/build
gmake[1]: Entering directory '/home/natalia/Documentos/Mestrado/trabalho_extracao/TP_Extração_2019/codigos/3_elimina/CMakeFiles/CMakeTmp'
Building C object CMakeFiles/cmTC_aa383.dir/CheckFunctionExists.c.o
/usr/bin/cc   -DCHECK_FUNCTION_EXISTS=pthread_create   -o CMakeFiles/cmTC_aa383.dir/CheckFunctionExists.c.o   -c /usr/share/cmake/Modules/CheckFunctionExists.c
Linking C executable cmTC_aa383
/usr/bin/cmake -E cmake_link_script CMakeFiles/cmTC_aa383.dir/link.txt --verbose=1
/usr/bin/cc  -DCHECK_FUNCTION_EXISTS=pthread_create    -rdynamic CMakeFiles/cmTC_aa383.dir/CheckFunctionExists.c.o  -o cmTC_aa383 -lpthreads 
/usr/bin/ld: não foi possível localizar -lpthreads
collect2: error: ld returned 1 exit status
gmake[1]: *** [CMakeFiles/cmTC_aa383.dir/build.make:87: cmTC_aa383] Error 1
gmake[1]: Leaving directory '/home/natalia/Documentos/Mestrado/trabalho_extracao/TP_Extração_2019/codigos/3_elimina/CMakeFiles/CMakeTmp'
gmake: *** [Makefile:121: cmTC_aa383/fast] Error 2


